<?xml version="1.0" encoding="UTF-8"?>
<!-- Generated by org.testng.reporters.JUnitReportReporter -->
<testsuite skipped="0" hostname="ET-C02T91MYG8WN.local" name="com.spotify.oauth2.tests.PlayListTests" tests="5" failures="1" timestamp="2021-04-28T19:10:07 IST" time="24.273" errors="0">
  <testcase name="create_playlist" time="5.422" classname="com.spotify.oauth2.tests.PlayListTests"/>
  <system-out/>
  <testcase name="update_playlist" time="5.389" classname="com.spotify.oauth2.tests.PlayListTests"/>
  <system-out/>
  <testcase name="get_playlist" time="5.417" classname="com.spotify.oauth2.tests.PlayListTests">
    <failure type="java.lang.AssertionError" message="
Expected: &quot;Your coolest updated Playlist&quot;
     but: was &quot;PlayList q\\EnsGMZmc&quot;">
      <![CDATA[java.lang.AssertionError: 
Expected: "Your coolest updated Playlist"
     but: was "PlayList q\\EnsGMZmc"
at org.hamcrest.MatcherAssert.assertThat(MatcherAssert.java:18)
at org.hamcrest.MatcherAssert.assertThat(MatcherAssert.java:6)
at com.spotify.oauth2.tests.PlayListTests.PlayListAsserts(PlayListTests.java:33)
at com.spotify.oauth2.tests.PlayListTests.get_playlist(PlayListTests.java:76)
at sun.reflect.NativeMethodAccessorImpl.invoke0(Native Method)
at sun.reflect.NativeMethodAccessorImpl.invoke(NativeMethodAccessorImpl.java:62)
at sun.reflect.DelegatingMethodAccessorImpl.invoke(DelegatingMethodAccessorImpl.java:43)
at java.lang.reflect.Method.invoke(Method.java:498)
at org.testng.internal.MethodInvocationHelper.invokeMethod(MethodInvocationHelper.java:133)
at org.testng.internal.TestInvoker.invokeMethod(TestInvoker.java:598)
at org.testng.internal.TestInvoker.invokeTestMethod(TestInvoker.java:173)
at org.testng.internal.MethodRunner.runInSequence(MethodRunner.java:46)
at org.testng.internal.TestInvoker$MethodInvocationAgent.invoke(TestInvoker.java:824)
at org.testng.internal.TestInvoker.invokeTestMethods(TestInvoker.java:146)
at org.testng.internal.TestMethodWorker.invokeTestMethods(TestMethodWorker.java:146)
at org.testng.internal.TestMethodWorker.run(TestMethodWorker.java:128)
at java.util.concurrent.ThreadPoolExecutor.runWorker(ThreadPoolExecutor.java:1149)
at java.util.concurrent.ThreadPoolExecutor$Worker.run(ThreadPoolExecutor.java:624)
at java.lang.Thread.run(Thread.java:748)
]]>
    </failure>
  </testcase> <!-- get_playlist -->
  <system-out/>
  <testcase name="not_create_playlist" time="5.299" classname="com.spotify.oauth2.tests.PlayListTests"/>
  <system-out/>
  <testcase name="invalid_access_token" time="2.746" classname="com.spotify.oauth2.tests.PlayListTests"/>
  <system-out/>
</testsuite> <!-- com.spotify.oauth2.tests.PlayListTests -->
